# JRE version: Java(TM) SE Runtime Environment (8.0_181-b13) (build 1.8.0_181-b13)
# Java VM: Java HotSpot(TM) 64-Bit Server VM (25.181-b13 mixed mode windows-amd64 compressed oops)
Heap:
 PSYoungGen      total 213504K, used 189178K [0x00000000d5d80000, 0x00000000e5a80000, 0x0000000100000000)
  eden space 196608K, 87% used [0x00000000d5d80000,0x00000000e05bf280,0x00000000e1d80000)
  from space 16896K, 99% used [0x00000000e3380000,0x00000000e43ff608,0x00000000e4400000)
  to   space 22528K, 0% used [0x00000000e1d80000,0x00000000e1d80000,0x00000000e3380000)
 ParOldGen       total 71168K, used 32301K [0x0000000081800000, 0x0000000085d80000, 0x00000000d5d80000)
  object space 71168K, 45% used [0x0000000081800000,0x000000008378b6e0,0x0000000085d80000)
 Metaspace       used 23972K, capacity 24492K, committed 24752K, reserved 1071104K
  class space    used 2800K, capacity 2967K, committed 2992K, reserved 1048576K
GC Heap History (10 events):
Event: 4.230 GC heap before
{Heap before GC invocations=5 (full 0):
 PSYoungGen      total 71680K, used 71664K [0x00000000d5d80000, 0x00000000da880000, 0x0000000100000000)
  eden space 66560K, 100% used [0x00000000d5d80000,0x00000000d9e80000,0x00000000d9e80000)
  from space 5120K, 99% used [0x00000000da380000,0x00000000da87c060,0x00000000da880000)
  to   space 5120K, 0% used [0x00000000d9e80000,0x00000000d9e80000,0x00000000da380000)
 ParOldGen       total 87552K, used 8172K [0x0000000081800000, 0x0000000086d80000, 0x00000000d5d80000)
  object space 87552K, 9% used [0x0000000081800000,0x0000000081ffb210,0x0000000086d80000)
 Metaspace       used 18403K, capacity 18780K, committed 19072K, reserved 1067008K
  class space    used 2207K, capacity 2326K, committed 2432K, reserved 1048576K
Event: 4.245 GC heap after
Heap after GC invocations=5 (full 0):
 PSYoungGen      total 71680K, used 5088K [0x00000000d5d80000, 0x00000000df580000, 0x0000000100000000)
  eden space 66560K, 0% used [0x00000000d5d80000,0x00000000d5d80000,0x00000000d9e80000)
  from space 5120K, 99% used [0x00000000d9e80000,0x00000000da378030,0x00000000da380000)
  to   space 11264K, 0% used [0x00000000dea80000,0x00000000dea80000,0x00000000df580000)
 ParOldGen       total 87552K, used 13328K [0x0000000081800000, 0x0000000086d80000, 0x00000000d5d80000)
  object space 87552K, 15% used [0x0000000081800000,0x00000000825040c0,0x0000000086d80000)
 Metaspace       used 18403K, capacity 18780K, committed 19072K, reserved 1067008K
  class space    used 2207K, capacity 2326K, committed 2432K, reserved 1048576K
}
Event: 4.972 GC heap before
{Heap before GC invocations=6 (full 0):
 PSYoungGen      total 71680K, used 40953K [0x00000000d5d80000, 0x00000000df580000, 0x0000000100000000)
  eden space 66560K, 53% used [0x00000000d5d80000,0x00000000d8086678,0x00000000d9e80000)
  from space 5120K, 99% used [0x00000000d9e80000,0x00000000da378030,0x00000000da380000)
  to   space 11264K, 0% used [0x00000000dea80000,0x00000000dea80000,0x00000000df580000)
 ParOldGen       total 87552K, used 13328K [0x0000000081800000, 0x0000000086d80000, 0x00000000d5d80000)
  object space 87552K, 15% used [0x0000000081800000,0x00000000825040c0,0x0000000086d80000)
 Metaspace       used 20727K, capacity 21188K, committed 21296K, reserved 1069056K
  class space    used 2437K, capacity 2592K, committed 2608K, reserved 1048576K
Event: 4.986 GC heap after
Heap after GC invocations=6 (full 0):
 PSYoungGen      total 144384K, used 8422K [0x00000000d5d80000, 0x00000000df580000, 0x0000000100000000)
  eden space 133120K, 0% used [0x00000000d5d80000,0x00000000d5d80000,0x00000000ddf80000)
  from space 11264K, 74% used [0x00000000dea80000,0x00000000df2b9930,0x00000000df580000)
  to   space 11264K, 0% used [0x00000000ddf80000,0x00000000ddf80000,0x00000000dea80000)
 ParOldGen       total 87552K, used 13336K [0x0000000081800000, 0x0000000086d80000, 0x00000000d5d80000)
  object space 87552K, 15% used [0x0000000081800000,0x00000000825060c0,0x0000000086d80000)
 Metaspace       used 20727K, capacity 21188K, committed 21296K, reserved 1069056K
  class space    used 2437K, capacity 2592K, committed 2608K, reserved 1048576K
}
Event: 4.986 GC heap before
{Heap before GC invocations=7 (full 1):
 PSYoungGen      total 144384K, used 8422K [0x00000000d5d80000, 0x00000000df580000, 0x0000000100000000)
  eden space 133120K, 0% used [0x00000000d5d80000,0x00000000d5d80000,0x00000000ddf80000)
  from space 11264K, 74% used [0x00000000dea80000,0x00000000df2b9930,0x00000000df580000)
  to   space 11264K, 0% used [0x00000000ddf80000,0x00000000ddf80000,0x00000000dea80000)
 ParOldGen       total 87552K, used 13336K [0x0000000081800000, 0x0000000086d80000, 0x00000000d5d80000)
  object space 87552K, 15% used [0x0000000081800000,0x00000000825060c0,0x0000000086d80000)
 Metaspace       used 20727K, capacity 21188K, committed 21296K, reserved 1069056K
  class space    used 2437K, capacity 2592K, committed 2608K, reserved 1048576K
Event: 5.062 GC heap after
Heap after GC invocations=7 (full 1):
 PSYoungGen      total 144384K, used 0K [0x00000000d5d80000, 0x00000000df580000, 0x0000000100000000)
  eden space 133120K, 0% used [0x00000000d5d80000,0x00000000d5d80000,0x00000000ddf80000)
  from space 11264K, 0% used [0x00000000dea80000,0x00000000dea80000,0x00000000df580000)
  to   space 11264K, 0% used [0x00000000ddf80000,0x00000000ddf80000,0x00000000dea80000)
 ParOldGen       total 71168K, used 15305K [0x0000000081800000, 0x0000000085d80000, 0x00000000d5d80000)
  object space 71168K, 21% used [0x0000000081800000,0x00000000826f25f0,0x0000000085d80000)
 Metaspace       used 20727K, capacity 21188K, committed 21296K, reserved 1069056K
  class space    used 2437K, capacity 2592K, committed 2608K, reserved 1048576K
}
Event: 6.389 GC heap before
{Heap before GC invocations=8 (full 1):
 PSYoungGen      total 144384K, used 133120K [0x00000000d5d80000, 0x00000000df580000, 0x0000000100000000)
  eden space 133120K, 100% used [0x00000000d5d80000,0x00000000ddf80000,0x00000000ddf80000)
  from space 11264K, 0% used [0x00000000dea80000,0x00000000dea80000,0x00000000df580000)
  to   space 11264K, 0% used [0x00000000ddf80000,0x00000000ddf80000,0x00000000dea80000)
 ParOldGen       total 71168K, used 15305K [0x0000000081800000, 0x0000000085d80000, 0x00000000d5d80000)
  object space 71168K, 21% used [0x0000000081800000,0x00000000826f25f0,0x0000000085d80000)
 Metaspace       used 23962K, capacity 24492K, committed 24752K, reserved 1071104K
  class space    used 2799K, capacity 2967K, committed 2992K, reserved 1048576K
Event: 6.412 GC heap after
Heap after GC invocations=8 (full 1):
 PSYoungGen      total 144384K, used 11261K [0x00000000d5d80000, 0x00000000e4400000, 0x0000000100000000)
  eden space 133120K, 0% used [0x00000000d5d80000,0x00000000d5d80000,0x00000000ddf80000)
  from space 11264K, 99% used [0x00000000ddf80000,0x00000000dea7f658,0x00000000dea80000)
  to   space 16896K, 0% used [0x00000000e3380000,0x00000000e3380000,0x00000000e4400000)
 ParOldGen       total 71168K, used 24376K [0x0000000081800000, 0x0000000085d80000, 0x00000000d5d80000)
  object space 71168K, 34% used [0x0000000081800000,0x0000000082fce1d8,0x0000000085d80000)
 Metaspace       used 23962K, capacity 24492K, committed 24752K, reserved 1071104K
  class space    used 2799K, capacity 2967K, committed 2992K, reserved 1048576K
}
Event: 6.982 GC heap before
{Heap before GC invocations=9 (full 1):
 PSYoungGen      total 144384K, used 144381K [0x00000000d5d80000, 0x00000000e4400000, 0x0000000100000000)
  eden space 133120K, 100% used [0x00000000d5d80000,0x00000000ddf80000,0x00000000ddf80000)
  from space 11264K, 99% used [0x00000000ddf80000,0x00000000dea7f658,0x00000000dea80000)
  to   space 16896K, 0% used [0x00000000e3380000,0x00000000e3380000,0x00000000e4400000)
 ParOldGen       total 71168K, used 24376K [0x0000000081800000, 0x0000000085d80000, 0x00000000d5d80000)
  object space 71168K, 34% used [0x0000000081800000,0x0000000082fce1d8,0x0000000085d80000)
 Metaspace       used 23967K, capacity 24492K, committed 24752K, reserved 1071104K
  class space    used 2799K, capacity 2967K, committed 2992K, reserved 1048576K
Event: 7.009 GC heap after
Heap after GC invocations=9 (full 1):
 PSYoungGen      total 213504K, used 16893K [0x00000000d5d80000, 0x00000000e5a80000, 0x0000000100000000)
  eden space 196608K, 0% used [0x00000000d5d80000,0x00000000d5d80000,0x00000000e1d80000)
  from space 16896K, 99% used [0x00000000e3380000,0x00000000e43ff608,0x00000000e4400000)
  to   space 22528K, 0% used [0x00000000e1d80000,0x00000000e1d80000,0x00000000e3380000)
 ParOldGen       total 71168K, used 32301K [0x0000000081800000, 0x0000000085d80000, 0x00000000d5d80000)
  object space 71168K, 45% used [0x0000000081800000,0x000000008378b6e0,0x0000000085d80000)
 Metaspace       used 23967K, capacity 24492K, committed 24752K, reserved 1071104K
  class space    used 2799K, capacity 2967K, committed 2992K, reserved 1048576K
}

